<?xml version="1.0" encoding="UTF-8"?>
<testsuites name="All Test Case" time="9.588" tests="8" failures="0" errors="0">
   <testsuite name="All Test Case" tests="8" failures="0" errors="0" time="9.588" skipped="0" timestamp="2023-05-10 09:27:56" hostname="fizkiarditiakusuma - localhost" id="Test Suites/All Test Case">
      <properties>
         <property name="deviceName" value=""/>
         <property name="devicePlatform" value=""/>
         <property name="logFolder" value="/Users/fizkiarditiakusuma/Downloads/Loyalto-FIZKI/Test_1/Reports/20230510_092744/All Test Case/20230510_092744"/>
         <property name="logFiles" value="/Users/fizkiarditiakusuma/Downloads/Loyalto-FIZKI/Test_1/Reports/20230510_092744/All Test Case/20230510_092744/execution0.log"/>
         <property name="attachments" value=""/>
         <property name="hostName" value="fizkiarditiakusuma - localhost"/>
         <property name="hostAddress" value="127.0.0.1"/>
         <property name="os" value="Mac OS X 64bit"/>
         <property name="katalonVersion" value="8.6.0.208"/>
      </properties>
      <testcase name="Test Cases/GET List Users - Invalid Parameter" time="2.413" classname="Test Cases/GET List Users - Invalid Parameter" status="PASSED">
         <system-out><![CDATA[2023-05-10 09:27:56 - [TEST_CASE][PASSED] - Test Cases/GET List Users - Invalid Parameter: Test Cases/GET List Users - Invalid Parameter

2023-05-10 09:27:56 - [TEST_STEP][PASSED] - response = sendRequest(findTestObject("GET List Users - Invalid Parameter")): Send request successfully

2023-05-10 09:27:58 - [MESSAGE][INFO] - HAR: /Users/fizkiarditiakusuma/Downloads/Loyalto-FIZKI/Test_1/Reports/20230510_092744/All Test Case/20230510_092744/requests/main/0.har

2023-05-10 09:27:58 - [MESSAGE][PASSED] - Send request successfully

2023-05-10 09:27:58 - [TEST_STEP][PASSED] - verifyResponseStatusCode(response, 200): Verify response status code successfully

2023-05-10 09:27:58 - [MESSAGE][PASSED] - Verify response status code successfully

2023-05-10 09:27:58 - [TEST_STEP][PASSED] - verifyElementPropertyValue(response, "data[5].email", "tracey.ramos@reqres.in"): Verify element property value successfully

2023-05-10 09:27:58 - [MESSAGE][PASSED] - Verify element property value successfully]]></system-out>
         <system-err><![CDATA[]]></system-err>
      </testcase>
      <testcase name="Test Cases/POST register succesful - Invalid Parameter" time="2.156" classname="Test Cases/POST register succesful - Invalid Parameter" status="PASSED">
         <system-out><![CDATA[2023-05-10 09:27:58 - [TEST_CASE][PASSED] - Test Cases/POST register succesful - Invalid Parameter: Test Cases/POST register succesful - Invalid Parameter

2023-05-10 09:27:59 - [TEST_STEP][PASSED] - response = sendRequest(findTestObject("POST register successful - Invalid Parameter")): Send request successfully

2023-05-10 09:28:01 - [MESSAGE][INFO] - HAR: /Users/fizkiarditiakusuma/Downloads/Loyalto-FIZKI/Test_1/Reports/20230510_092744/All Test Case/20230510_092744/requests/main/1.har

2023-05-10 09:28:01 - [MESSAGE][PASSED] - Send request successfully

2023-05-10 09:28:01 - [TEST_STEP][PASSED] - verifyResponseStatusCode(response, 201): Verify response status code successfully

2023-05-10 09:28:01 - [MESSAGE][PASSED] - Verify response status code successfully

2023-05-10 09:28:01 - [TEST_STEP][PASSED] - verifyElementPropertyValue(response, "email", "charles.morris@reqres.in"): Verify element property value successfully

2023-05-10 09:28:01 - [MESSAGE][PASSED] - Verify element property value successfully]]></system-out>
         <system-err><![CDATA[]]></system-err>
      </testcase>
      <testcase name="Test Cases/PUT Update" time="0.783" classname="Test Cases/PUT Update" status="PASSED">
         <system-out><![CDATA[2023-05-10 09:28:01 - [TEST_CASE][PASSED] - Test Cases/PUT Update: Test Cases/PUT Update

2023-05-10 09:28:01 - [TEST_STEP][PASSED] - response = sendRequest(findTestObject("PUT Update")): Send request successfully

2023-05-10 09:28:01 - [MESSAGE][INFO] - HAR: /Users/fizkiarditiakusuma/Downloads/Loyalto-FIZKI/Test_1/Reports/20230510_092744/All Test Case/20230510_092744/requests/main/2.har

2023-05-10 09:28:01 - [MESSAGE][PASSED] - Send request successfully

2023-05-10 09:28:01 - [TEST_STEP][PASSED] - verifyResponseStatusCode(response, 200): Verify response status code successfully

2023-05-10 09:28:01 - [MESSAGE][PASSED] - Verify response status code successfully

2023-05-10 09:28:01 - [TEST_STEP][PASSED] - verifyElementPropertyValue(response, "name", "viski"): Verify element property value successfully

2023-05-10 09:28:01 - [MESSAGE][PASSED] - Verify element property value successfully]]></system-out>
         <system-err><![CDATA[]]></system-err>
      </testcase>
      <testcase name="Test Cases/PUT Update - Invalid Parameter" time="0.932" classname="Test Cases/PUT Update - Invalid Parameter" status="PASSED">
         <system-out><![CDATA[2023-05-10 09:28:01 - [TEST_CASE][PASSED] - Test Cases/PUT Update - Invalid Parameter: Test Cases/PUT Update - Invalid Parameter

2023-05-10 09:28:02 - [TEST_STEP][PASSED] - response = sendRequest(findTestObject("PUT Update - Invalid Parameter")): Send request successfully

2023-05-10 09:28:02 - [MESSAGE][INFO] - HAR: /Users/fizkiarditiakusuma/Downloads/Loyalto-FIZKI/Test_1/Reports/20230510_092744/All Test Case/20230510_092744/requests/main/3.har

2023-05-10 09:28:02 - [MESSAGE][PASSED] - Send request successfully

2023-05-10 09:28:02 - [TEST_STEP][PASSED] - verifyResponseStatusCode(response, 200): Verify response status code successfully

2023-05-10 09:28:02 - [MESSAGE][PASSED] - Verify response status code successfully

2023-05-10 09:28:02 - [TEST_STEP][PASSED] - verifyElementPropertyValue(response, "name", "viski"): Verify element property value successfully

2023-05-10 09:28:02 - [MESSAGE][PASSED] - Verify element property value successfully]]></system-out>
         <system-err><![CDATA[]]></system-err>
      </testcase>
      <testcase name="Test Cases/GET Single User - Invalid Parameter" time="0.971" classname="Test Cases/GET Single User - Invalid Parameter" status="PASSED">
         <system-out><![CDATA[2023-05-10 09:28:02 - [TEST_CASE][PASSED] - Test Cases/GET Single User - Invalid Parameter: Test Cases/GET Single User - Invalid Parameter

2023-05-10 09:28:03 - [TEST_STEP][PASSED] - response = sendRequest(findTestObject("GET Single User - Invalid Parameter")): Send request successfully

2023-05-10 09:28:03 - [MESSAGE][INFO] - HAR: /Users/fizkiarditiakusuma/Downloads/Loyalto-FIZKI/Test_1/Reports/20230510_092744/All Test Case/20230510_092744/requests/main/4.har

2023-05-10 09:28:03 - [MESSAGE][PASSED] - Send request successfully

2023-05-10 09:28:03 - [TEST_STEP][PASSED] - verifyResponseStatusCode(response, 404): Verify response status code successfully

2023-05-10 09:28:03 - [MESSAGE][PASSED] - Verify response status code successfully]]></system-out>
         <system-err><![CDATA[]]></system-err>
      </testcase>
      <testcase name="Test Cases/GET Single User" time="0.41" classname="Test Cases/GET Single User" status="PASSED">
         <system-out><![CDATA[2023-05-10 09:28:03 - [TEST_CASE][PASSED] - Test Cases/GET Single User: Test Cases/GET Single User

2023-05-10 09:28:04 - [TEST_STEP][PASSED] - response = sendRequest(findTestObject("GET Single User")): Send request successfully

2023-05-10 09:28:04 - [MESSAGE][INFO] - HAR: /Users/fizkiarditiakusuma/Downloads/Loyalto-FIZKI/Test_1/Reports/20230510_092744/All Test Case/20230510_092744/requests/main/5.har

2023-05-10 09:28:04 - [MESSAGE][PASSED] - Send request successfully

2023-05-10 09:28:04 - [TEST_STEP][PASSED] - verifyResponseStatusCode(response, 200): Verify response status code successfully

2023-05-10 09:28:04 - [MESSAGE][PASSED] - Verify response status code successfully

2023-05-10 09:28:04 - [TEST_STEP][PASSED] - verifyElementPropertyValue(response, "data.email", "charles.morris@reqres.in"): Verify element property value successfully

2023-05-10 09:28:04 - [MESSAGE][PASSED] - Verify element property value successfully]]></system-out>
         <system-err><![CDATA[]]></system-err>
      </testcase>
      <testcase name="Test Cases/GET List Users" time="0.467" classname="Test Cases/GET List Users" status="PASSED">
         <system-out><![CDATA[2023-05-10 09:28:04 - [TEST_CASE][PASSED] - Test Cases/GET List Users: Test Cases/GET List Users

2023-05-10 09:28:04 - [TEST_STEP][PASSED] - response = sendRequest(findTestObject("GET List Users")): Send request successfully

2023-05-10 09:28:04 - [MESSAGE][INFO] - HAR: /Users/fizkiarditiakusuma/Downloads/Loyalto-FIZKI/Test_1/Reports/20230510_092744/All Test Case/20230510_092744/requests/main/6.har

2023-05-10 09:28:04 - [MESSAGE][PASSED] - Send request successfully

2023-05-10 09:28:04 - [TEST_STEP][PASSED] - verifyResponseStatusCode(response, 200): Verify response status code successfully

2023-05-10 09:28:04 - [MESSAGE][PASSED] - Verify response status code successfully

2023-05-10 09:28:04 - [TEST_STEP][PASSED] - verifyElementPropertyValue(response, "data[5].email", "tracey.ramos@reqres.in"): Verify element property value successfully

2023-05-10 09:28:04 - [MESSAGE][PASSED] - Verify element property value successfully]]></system-out>
         <system-err><![CDATA[]]></system-err>
      </testcase>
      <testcase name="Test Cases/POST register succesful" time="0.925" classname="Test Cases/POST register succesful" status="PASSED">
         <system-out><![CDATA[2023-05-10 09:28:04 - [TEST_CASE][PASSED] - Test Cases/POST register succesful: Test Cases/POST register succesful

2023-05-10 09:28:04 - [TEST_STEP][PASSED] - response = sendRequest(findTestObject("POST register successful")): Send request successfully

2023-05-10 09:28:05 - [MESSAGE][INFO] - HAR: /Users/fizkiarditiakusuma/Downloads/Loyalto-FIZKI/Test_1/Reports/20230510_092744/All Test Case/20230510_092744/requests/main/7.har

2023-05-10 09:28:05 - [MESSAGE][PASSED] - Send request successfully

2023-05-10 09:28:05 - [TEST_STEP][PASSED] - verifyResponseStatusCode(response, 200): Verify response status code successfully

2023-05-10 09:28:05 - [MESSAGE][PASSED] - Verify response status code successfully

2023-05-10 09:28:05 - [TEST_STEP][PASSED] - verifyElementPropertyValue(response, "id", "5"): Verify element property value successfully

2023-05-10 09:28:05 - [MESSAGE][PASSED] - Verify element property value successfully]]></system-out>
         <system-err><![CDATA[]]></system-err>
      </testcase>
      <system-out><![CDATA[2023-05-10 09:27:56 - [TEST_SUITE][PASSED] - All Test Case: Test Cases/POST register succesful]]></system-out>
      <system-err><![CDATA[]]></system-err>
   </testsuite>
</testsuites>
