<?xml version="1.0" encoding="UTF-8"?>
<testsuites name="Test Case 4 End Point" time="7.95" tests="4" failures="0" errors="0">
   <testsuite name="Test Case 4 End Point" tests="4" failures="0" errors="0" time="7.95" skipped="0" timestamp="2023-05-09 18:23:51" hostname="fizkiarditiakusuma - localhost" id="Test Suites/Test Case 4 End Point">
      <properties>
         <property name="deviceName" value=""/>
         <property name="devicePlatform" value=""/>
         <property name="logFolder" value="/Users/fizkiarditiakusuma/Katalon Studio/Test 1/Reports/20230509_182339/Test Case 4 End Point/20230509_182339"/>
         <property name="logFiles" value="/Users/fizkiarditiakusuma/Katalon Studio/Test 1/Reports/20230509_182339/Test Case 4 End Point/20230509_182339/execution0.log"/>
         <property name="attachments" value=""/>
         <property name="hostName" value="fizkiarditiakusuma - localhost"/>
         <property name="hostAddress" value="127.0.0.1"/>
         <property name="os" value="Mac OS X 64bit"/>
         <property name="katalonVersion" value="8.6.0.208"/>
      </properties>
      <testcase name="Test Cases/GET List Users" time="4.809" classname="Test Cases/GET List Users" status="PASSED">
         <system-out><![CDATA[2023-05-09 18:23:51 - [TEST_CASE][PASSED] - Test Cases/GET List Users: Test Cases/GET List Users

2023-05-09 18:23:51 - [TEST_STEP][PASSED] - response = sendRequest(findTestObject("GET List Users")): Send request successfully

2023-05-09 18:23:56 - [MESSAGE][INFO] - HAR: /Users/fizkiarditiakusuma/Katalon Studio/Test 1/Reports/20230509_182339/Test Case 4 End Point/20230509_182339/requests/main/0.har

2023-05-09 18:23:56 - [MESSAGE][PASSED] - Send request successfully

2023-05-09 18:23:56 - [TEST_STEP][PASSED] - verifyResponseStatusCode(response, 200): Verify response status code successfully

2023-05-09 18:23:56 - [MESSAGE][PASSED] - Verify response status code successfully

2023-05-09 18:23:56 - [TEST_STEP][PASSED] - verifyElementPropertyValue(response, "data[5].email", "tracey.ramos@reqres.in"): Verify element property value successfully

2023-05-09 18:23:56 - [MESSAGE][PASSED] - Verify element property value successfully]]></system-out>
         <system-err><![CDATA[]]></system-err>
      </testcase>
      <testcase name="Test Cases/GET Single User" time="0.93" classname="Test Cases/GET Single User" status="PASSED">
         <system-out><![CDATA[2023-05-09 18:23:56 - [TEST_CASE][PASSED] - Test Cases/GET Single User: Test Cases/GET Single User

2023-05-09 18:23:56 - [TEST_STEP][PASSED] - response = sendRequest(findTestObject("GET Single User")): Send request successfully

2023-05-09 18:23:57 - [MESSAGE][INFO] - HAR: /Users/fizkiarditiakusuma/Katalon Studio/Test 1/Reports/20230509_182339/Test Case 4 End Point/20230509_182339/requests/main/1.har

2023-05-09 18:23:57 - [MESSAGE][PASSED] - Send request successfully

2023-05-09 18:23:57 - [TEST_STEP][PASSED] - verifyResponseStatusCode(response, 200): Verify response status code successfully

2023-05-09 18:23:57 - [MESSAGE][PASSED] - Verify response status code successfully

2023-05-09 18:23:57 - [TEST_STEP][PASSED] - verifyElementPropertyValue(response, "data.email", "charles.morris@reqres.in"): Verify element property value successfully

2023-05-09 18:23:57 - [MESSAGE][PASSED] - Verify element property value successfully]]></system-out>
         <system-err><![CDATA[]]></system-err>
      </testcase>
      <testcase name="Test Cases/POST register succesful" time="0.893" classname="Test Cases/POST register succesful" status="PASSED">
         <system-out><![CDATA[2023-05-09 18:23:57 - [TEST_CASE][PASSED] - Test Cases/POST register succesful: Test Cases/POST register succesful

2023-05-09 18:23:57 - [TEST_STEP][PASSED] - response = sendRequest(findTestObject("POST register successful")): Send request successfully

2023-05-09 18:23:58 - [MESSAGE][INFO] - HAR: /Users/fizkiarditiakusuma/Katalon Studio/Test 1/Reports/20230509_182339/Test Case 4 End Point/20230509_182339/requests/main/2.har

2023-05-09 18:23:58 - [MESSAGE][PASSED] - Send request successfully

2023-05-09 18:23:58 - [TEST_STEP][PASSED] - verifyResponseStatusCode(response, 200): Verify response status code successfully

2023-05-09 18:23:58 - [MESSAGE][PASSED] - Verify response status code successfully

2023-05-09 18:23:58 - [TEST_STEP][PASSED] - verifyElementPropertyValue(response, "id", "5"): Verify element property value successfully

2023-05-09 18:23:58 - [MESSAGE][PASSED] - Verify element property value successfully]]></system-out>
         <system-err><![CDATA[]]></system-err>
      </testcase>
      <testcase name="Test Cases/PUT Update" time="0.859" classname="Test Cases/PUT Update" status="PASSED">
         <system-out><![CDATA[2023-05-09 18:23:58 - [TEST_CASE][PASSED] - Test Cases/PUT Update: Test Cases/PUT Update

2023-05-09 18:23:58 - [TEST_STEP][PASSED] - response = sendRequest(findTestObject("PUT Update")): Send request successfully

2023-05-09 18:23:58 - [MESSAGE][INFO] - HAR: /Users/fizkiarditiakusuma/Katalon Studio/Test 1/Reports/20230509_182339/Test Case 4 End Point/20230509_182339/requests/main/3.har

2023-05-09 18:23:58 - [MESSAGE][PASSED] - Send request successfully

2023-05-09 18:23:58 - [TEST_STEP][PASSED] - verifyResponseStatusCode(response, 200): Verify response status code successfully

2023-05-09 18:23:58 - [MESSAGE][PASSED] - Verify response status code successfully

2023-05-09 18:23:58 - [TEST_STEP][PASSED] - verifyElementPropertyValue(response, "name", "viski"): Verify element property value successfully

2023-05-09 18:23:59 - [MESSAGE][PASSED] - Verify element property value successfully]]></system-out>
         <system-err><![CDATA[]]></system-err>
      </testcase>
      <system-out><![CDATA[2023-05-09 18:23:51 - [TEST_SUITE][PASSED] - Test Case 4 End Point: Test Cases/PUT Update]]></system-out>
      <system-err><![CDATA[]]></system-err>
   </testsuite>
</testsuites>
